# JRE version: Java(TM) SE Runtime Environment (8.0_162-b12) (build 1.8.0_162-b12)
# Java VM: Java HotSpot(TM) 64-Bit Server VM (25.162-b12 mixed mode windows-amd64 compressed oops)
Heap:
 PSYoungGen      total 38400K, used 5688K [0x00000000d5900000, 0x00000000d8380000, 0x0000000100000000)
  eden space 33280K, 17% used [0x00000000d5900000,0x00000000d5e8e240,0x00000000d7980000)
  from space 5120K, 0% used [0x00000000d7e80000,0x00000000d7e80000,0x00000000d8380000)
  to   space 5120K, 0% used [0x00000000d7980000,0x00000000d7980000,0x00000000d7e80000)
 ParOldGen       total 73728K, used 10702K [0x0000000080a00000, 0x0000000085200000, 0x00000000d5900000)
  object space 73728K, 14% used [0x0000000080a00000,0x0000000081473a30,0x0000000085200000)
 Metaspace       used 20843K, capacity 22234K, committed 22400K, reserved 1069056K
  class space    used 3105K, capacity 3400K, committed 3456K, reserved 1048576K
GC Heap History (6 events):
Event: 0.935 GC heap before
{Heap before GC invocations=1 (full 0):
 PSYoungGen      total 38400K, used 33280K [0x00000000d5900000, 0x00000000d8380000, 0x0000000100000000)
  eden space 33280K, 100% used [0x00000000d5900000,0x00000000d7980000,0x00000000d7980000)
  from space 5120K, 0% used [0x00000000d7e80000,0x00000000d7e80000,0x00000000d8380000)
  to   space 5120K, 0% used [0x00000000d7980000,0x00000000d7980000,0x00000000d7e80000)
 ParOldGen       total 87552K, used 0K [0x0000000080a00000, 0x0000000085f80000, 0x00000000d5900000)
  object space 87552K, 0% used [0x0000000080a00000,0x0000000080a00000,0x0000000085f80000)
 Metaspace       used 13130K, capacity 13666K, committed 13824K, reserved 1060864K
  class space    used 1840K, capacity 1969K, committed 2048K, reserved 1048576K
Event: 0.944 GC heap after
Heap after GC invocations=1 (full 0):
 PSYoungGen      total 38400K, used 4128K [0x00000000d5900000, 0x00000000d8380000, 0x0000000100000000)
  eden space 33280K, 0% used [0x00000000d5900000,0x00000000d5900000,0x00000000d7980000)
  from space 5120K, 80% used [0x00000000d7980000,0x00000000d7d88040,0x00000000d7e80000)
  to   space 5120K, 0% used [0x00000000d7e80000,0x00000000d7e80000,0x00000000d8380000)
 ParOldGen       total 87552K, used 80K [0x0000000080a00000, 0x0000000085f80000, 0x00000000d5900000)
  object space 87552K, 0% used [0x0000000080a00000,0x0000000080a14010,0x0000000085f80000)
 Metaspace       used 13130K, capacity 13666K, committed 13824K, reserved 1060864K
  class space    used 1840K, capacity 1969K, committed 2048K, reserved 1048576K
}
Event: 2.059 GC heap before
{Heap before GC invocations=2 (full 0):
 PSYoungGen      total 38400K, used 33705K [0x00000000d5900000, 0x00000000d8380000, 0x0000000100000000)
  eden space 33280K, 88% used [0x00000000d5900000,0x00000000d75e2638,0x00000000d7980000)
  from space 5120K, 80% used [0x00000000d7980000,0x00000000d7d88040,0x00000000d7e80000)
  to   space 5120K, 0% used [0x00000000d7e80000,0x00000000d7e80000,0x00000000d8380000)
 ParOldGen       total 87552K, used 80K [0x0000000080a00000, 0x0000000085f80000, 0x00000000d5900000)
  object space 87552K, 0% used [0x0000000080a00000,0x0000000080a14010,0x0000000085f80000)
 Metaspace       used 19836K, capacity 21106K, committed 21248K, reserved 1067008K
  class space    used 2998K, capacity 3223K, committed 3328K, reserved 1048576K
Event: 2.070 GC heap after
Heap after GC invocations=2 (full 0):
 PSYoungGen      total 38400K, used 5088K [0x00000000d5900000, 0x00000000d8380000, 0x0000000100000000)
  eden space 33280K, 0% used [0x00000000d5900000,0x00000000d5900000,0x00000000d7980000)
  from space 5120K, 99% used [0x00000000d7e80000,0x00000000d8378050,0x00000000d8380000)
  to   space 5120K, 0% used [0x00000000d7980000,0x00000000d7980000,0x00000000d7e80000)
 ParOldGen       total 87552K, used 7698K [0x0000000080a00000, 0x0000000085f80000, 0x00000000d5900000)
  object space 87552K, 8% used [0x0000000080a00000,0x0000000081184ac0,0x0000000085f80000)
 Metaspace       used 19836K, capacity 21106K, committed 21248K, reserved 1067008K
  class space    used 2998K, capacity 3223K, committed 3328K, reserved 1048576K
}
Event: 2.070 GC heap before
{Heap before GC invocations=3 (full 1):
 PSYoungGen      total 38400K, used 5088K [0x00000000d5900000, 0x00000000d8380000, 0x0000000100000000)
  eden space 33280K, 0% used [0x00000000d5900000,0x00000000d5900000,0x00000000d7980000)
  from space 5120K, 99% used [0x00000000d7e80000,0x00000000d8378050,0x00000000d8380000)
  to   space 5120K, 0% used [0x00000000d7980000,0x00000000d7980000,0x00000000d7e80000)
 ParOldGen       total 87552K, used 7698K [0x0000000080a00000, 0x0000000085f80000, 0x00000000d5900000)
  object space 87552K, 8% used [0x0000000080a00000,0x0000000081184ac0,0x0000000085f80000)
 Metaspace       used 19836K, capacity 21106K, committed 21248K, reserved 1067008K
  class space    used 2998K, capacity 3223K, committed 3328K, reserved 1048576K
Event: 2.098 GC heap after
Heap after GC invocations=3 (full 1):
 PSYoungGen      total 38400K, used 0K [0x00000000d5900000, 0x00000000d8380000, 0x0000000100000000)
  eden space 33280K, 0% used [0x00000000d5900000,0x00000000d5900000,0x00000000d7980000)
  from space 5120K, 0% used [0x00000000d7e80000,0x00000000d7e80000,0x00000000d8380000)
  to   space 5120K, 0% used [0x00000000d7980000,0x00000000d7980000,0x00000000d7e80000)
 ParOldGen       total 73728K, used 10702K [0x0000000080a00000, 0x0000000085200000, 0x00000000d5900000)
  object space 73728K, 14% used [0x0000000080a00000,0x0000000081473a30,0x0000000085200000)
 Metaspace       used 19836K, capacity 21106K, committed 21248K, reserved 1067008K
  class space    used 2998K, capacity 3223K, committed 3328K, reserved 1048576K
}

