# JRE version: Java(TM) SE Runtime Environment (8.0_162-b12) (build 1.8.0_162-b12)
# Java VM: Java HotSpot(TM) 64-Bit Server VM (25.162-b12 mixed mode windows-amd64 compressed oops)
Heap:
 PSYoungGen      total 38400K, used 4636K [0x00000000d5900000, 0x00000000d8380000, 0x0000000100000000)
  eden space 33280K, 13% used [0x00000000d5900000,0x00000000d5d873b0,0x00000000d7980000)
  from space 5120K, 0% used [0x00000000d7e80000,0x00000000d7e80000,0x00000000d8380000)
  to   space 5120K, 0% used [0x00000000d7980000,0x00000000d7980000,0x00000000d7e80000)
 ParOldGen       total 73728K, used 10899K [0x0000000080a00000, 0x0000000085200000, 0x00000000d5900000)
  object space 73728K, 14% used [0x0000000080a00000,0x00000000814a4da0,0x0000000085200000)
 Metaspace       used 20742K, capacity 22052K, committed 22144K, reserved 1069056K
  class space    used 3094K, capacity 3365K, committed 3456K, reserved 1048576K
GC Heap History (6 events):
Event: 1.050 GC heap before
{Heap before GC invocations=1 (full 0):
 PSYoungGen      total 38400K, used 33280K [0x00000000d5900000, 0x00000000d8380000, 0x0000000100000000)
  eden space 33280K, 100% used [0x00000000d5900000,0x00000000d7980000,0x00000000d7980000)
  from space 5120K, 0% used [0x00000000d7e80000,0x00000000d7e80000,0x00000000d8380000)
  to   space 5120K, 0% used [0x00000000d7980000,0x00000000d7980000,0x00000000d7e80000)
 ParOldGen       total 87552K, used 0K [0x0000000080a00000, 0x0000000085f80000, 0x00000000d5900000)
  object space 87552K, 0% used [0x0000000080a00000,0x0000000080a00000,0x0000000085f80000)
 Metaspace       used 13174K, capacity 13730K, committed 13824K, reserved 1060864K
  class space    used 1844K, capacity 1969K, committed 2048K, reserved 1048576K
Event: 1.059 GC heap after
Heap after GC invocations=1 (full 0):
 PSYoungGen      total 38400K, used 4192K [0x00000000d5900000, 0x00000000d8380000, 0x0000000100000000)
  eden space 33280K, 0% used [0x00000000d5900000,0x00000000d5900000,0x00000000d7980000)
  from space 5120K, 81% used [0x00000000d7980000,0x00000000d7d98030,0x00000000d7e80000)
  to   space 5120K, 0% used [0x00000000d7e80000,0x00000000d7e80000,0x00000000d8380000)
 ParOldGen       total 87552K, used 8K [0x0000000080a00000, 0x0000000085f80000, 0x00000000d5900000)
  object space 87552K, 0% used [0x0000000080a00000,0x0000000080a02000,0x0000000085f80000)
 Metaspace       used 13174K, capacity 13730K, committed 13824K, reserved 1060864K
  class space    used 1844K, capacity 1969K, committed 2048K, reserved 1048576K
}
Event: 2.769 GC heap before
{Heap before GC invocations=2 (full 0):
 PSYoungGen      total 38400K, used 34849K [0x00000000d5900000, 0x00000000d8380000, 0x0000000100000000)
  eden space 33280K, 92% used [0x00000000d5900000,0x00000000d76f04d8,0x00000000d7980000)
  from space 5120K, 81% used [0x00000000d7980000,0x00000000d7d98030,0x00000000d7e80000)
  to   space 5120K, 0% used [0x00000000d7e80000,0x00000000d7e80000,0x00000000d8380000)
 ParOldGen       total 87552K, used 8K [0x0000000080a00000, 0x0000000085f80000, 0x00000000d5900000)
  object space 87552K, 0% used [0x0000000080a00000,0x0000000080a02000,0x0000000085f80000)
 Metaspace       used 19838K, capacity 21102K, committed 21248K, reserved 1067008K
  class space    used 3001K, capacity 3242K, committed 3328K, reserved 1048576K
Event: 2.782 GC heap after
Heap after GC invocations=2 (full 0):
 PSYoungGen      total 38400K, used 5088K [0x00000000d5900000, 0x00000000d8380000, 0x0000000100000000)
  eden space 33280K, 0% used [0x00000000d5900000,0x00000000d5900000,0x00000000d7980000)
  from space 5120K, 99% used [0x00000000d7e80000,0x00000000d8378030,0x00000000d8380000)
  to   space 5120K, 0% used [0x00000000d7980000,0x00000000d7980000,0x00000000d7e80000)
 ParOldGen       total 87552K, used 7898K [0x0000000080a00000, 0x0000000085f80000, 0x00000000d5900000)
  object space 87552K, 9% used [0x0000000080a00000,0x00000000811b6ba0,0x0000000085f80000)
 Metaspace       used 19838K, capacity 21102K, committed 21248K, reserved 1067008K
  class space    used 3001K, capacity 3242K, committed 3328K, reserved 1048576K
}
Event: 2.782 GC heap before
{Heap before GC invocations=3 (full 1):
 PSYoungGen      total 38400K, used 5088K [0x00000000d5900000, 0x00000000d8380000, 0x0000000100000000)
  eden space 33280K, 0% used [0x00000000d5900000,0x00000000d5900000,0x00000000d7980000)
  from space 5120K, 99% used [0x00000000d7e80000,0x00000000d8378030,0x00000000d8380000)
  to   space 5120K, 0% used [0x00000000d7980000,0x00000000d7980000,0x00000000d7e80000)
 ParOldGen       total 87552K, used 7898K [0x0000000080a00000, 0x0000000085f80000, 0x00000000d5900000)
  object space 87552K, 9% used [0x0000000080a00000,0x00000000811b6ba0,0x0000000085f80000)
 Metaspace       used 19838K, capacity 21102K, committed 21248K, reserved 1067008K
  class space    used 3001K, capacity 3242K, committed 3328K, reserved 1048576K
Event: 2.810 GC heap after
Heap after GC invocations=3 (full 1):
 PSYoungGen      total 38400K, used 0K [0x00000000d5900000, 0x00000000d8380000, 0x0000000100000000)
  eden space 33280K, 0% used [0x00000000d5900000,0x00000000d5900000,0x00000000d7980000)
  from space 5120K, 0% used [0x00000000d7e80000,0x00000000d7e80000,0x00000000d8380000)
  to   space 5120K, 0% used [0x00000000d7980000,0x00000000d7980000,0x00000000d7e80000)
 ParOldGen       total 73728K, used 10899K [0x0000000080a00000, 0x0000000085200000, 0x00000000d5900000)
  object space 73728K, 14% used [0x0000000080a00000,0x00000000814a4da0,0x0000000085200000)
 Metaspace       used 19838K, capacity 21102K, committed 21248K, reserved 1067008K
  class space    used 3001K, capacity 3242K, committed 3328K, reserved 1048576K
}

