# JRE version: Java(TM) SE Runtime Environment (8.0_162-b12) (build 1.8.0_162-b12)
# Java VM: Java HotSpot(TM) 64-Bit Server VM (25.162-b12 mixed mode windows-amd64 compressed oops)
Heap:
 PSYoungGen      total 38400K, used 5419K [0x00000000d5900000, 0x00000000d8380000, 0x0000000100000000)
  eden space 33280K, 16% used [0x00000000d5900000,0x00000000d5e4af08,0x00000000d7980000)
  from space 5120K, 0% used [0x00000000d7e80000,0x00000000d7e80000,0x00000000d8380000)
  to   space 5120K, 0% used [0x00000000d7980000,0x00000000d7980000,0x00000000d7e80000)
 ParOldGen       total 77824K, used 10575K [0x0000000080a00000, 0x0000000085600000, 0x00000000d5900000)
  object space 77824K, 13% used [0x0000000080a00000,0x0000000081453f40,0x0000000085600000)
 Metaspace       used 20616K, capacity 22008K, committed 22144K, reserved 1069056K
  class space    used 3065K, capacity 3353K, committed 3456K, reserved 1048576K
GC Heap History (6 events):
Event: 1.017 GC heap before
{Heap before GC invocations=1 (full 0):
 PSYoungGen      total 38400K, used 33280K [0x00000000d5900000, 0x00000000d8380000, 0x0000000100000000)
  eden space 33280K, 100% used [0x00000000d5900000,0x00000000d7980000,0x00000000d7980000)
  from space 5120K, 0% used [0x00000000d7e80000,0x00000000d7e80000,0x00000000d8380000)
  to   space 5120K, 0% used [0x00000000d7980000,0x00000000d7980000,0x00000000d7e80000)
 ParOldGen       total 87552K, used 0K [0x0000000080a00000, 0x0000000085f80000, 0x00000000d5900000)
  object space 87552K, 0% used [0x0000000080a00000,0x0000000080a00000,0x0000000085f80000)
 Metaspace       used 13130K, capacity 13672K, committed 13824K, reserved 1060864K
  class space    used 1844K, capacity 1970K, committed 2048K, reserved 1048576K
Event: 1.022 GC heap after
Heap after GC invocations=1 (full 0):
 PSYoungGen      total 38400K, used 4112K [0x00000000d5900000, 0x00000000d8380000, 0x0000000100000000)
  eden space 33280K, 0% used [0x00000000d5900000,0x00000000d5900000,0x00000000d7980000)
  from space 5120K, 80% used [0x00000000d7980000,0x00000000d7d84050,0x00000000d7e80000)
  to   space 5120K, 0% used [0x00000000d7e80000,0x00000000d7e80000,0x00000000d8380000)
 ParOldGen       total 87552K, used 80K [0x0000000080a00000, 0x0000000085f80000, 0x00000000d5900000)
  object space 87552K, 0% used [0x0000000080a00000,0x0000000080a14010,0x0000000085f80000)
 Metaspace       used 13130K, capacity 13672K, committed 13824K, reserved 1060864K
  class space    used 1844K, capacity 1970K, committed 2048K, reserved 1048576K
}
Event: 2.097 GC heap before
{Heap before GC invocations=2 (full 0):
 PSYoungGen      total 38400K, used 33615K [0x00000000d5900000, 0x00000000d8380000, 0x0000000100000000)
  eden space 33280K, 88% used [0x00000000d5900000,0x00000000d75cfe30,0x00000000d7980000)
  from space 5120K, 80% used [0x00000000d7980000,0x00000000d7d84050,0x00000000d7e80000)
  to   space 5120K, 0% used [0x00000000d7e80000,0x00000000d7e80000,0x00000000d8380000)
 ParOldGen       total 87552K, used 80K [0x0000000080a00000, 0x0000000085f80000, 0x00000000d5900000)
  object space 87552K, 0% used [0x0000000080a00000,0x0000000080a14010,0x0000000085f80000)
 Metaspace       used 19808K, capacity 21096K, committed 21248K, reserved 1067008K
  class space    used 2992K, capacity 3223K, committed 3328K, reserved 1048576K
Event: 2.107 GC heap after
Heap after GC invocations=2 (full 0):
 PSYoungGen      total 38400K, used 5104K [0x00000000d5900000, 0x00000000d8380000, 0x0000000100000000)
  eden space 33280K, 0% used [0x00000000d5900000,0x00000000d5900000,0x00000000d7980000)
  from space 5120K, 99% used [0x00000000d7e80000,0x00000000d837c020,0x00000000d8380000)
  to   space 5120K, 0% used [0x00000000d7980000,0x00000000d7980000,0x00000000d7e80000)
 ParOldGen       total 87552K, used 5610K [0x0000000080a00000, 0x0000000085f80000, 0x00000000d5900000)
  object space 87552K, 6% used [0x0000000080a00000,0x0000000080f7aad0,0x0000000085f80000)
 Metaspace       used 19808K, capacity 21096K, committed 21248K, reserved 1067008K
  class space    used 2992K, capacity 3223K, committed 3328K, reserved 1048576K
}
Event: 2.107 GC heap before
{Heap before GC invocations=3 (full 1):
 PSYoungGen      total 38400K, used 5104K [0x00000000d5900000, 0x00000000d8380000, 0x0000000100000000)
  eden space 33280K, 0% used [0x00000000d5900000,0x00000000d5900000,0x00000000d7980000)
  from space 5120K, 99% used [0x00000000d7e80000,0x00000000d837c020,0x00000000d8380000)
  to   space 5120K, 0% used [0x00000000d7980000,0x00000000d7980000,0x00000000d7e80000)
 ParOldGen       total 87552K, used 5610K [0x0000000080a00000, 0x0000000085f80000, 0x00000000d5900000)
  object space 87552K, 6% used [0x0000000080a00000,0x0000000080f7aad0,0x0000000085f80000)
 Metaspace       used 19808K, capacity 21096K, committed 21248K, reserved 1067008K
  class space    used 2992K, capacity 3223K, committed 3328K, reserved 1048576K
Event: 2.165 GC heap after
Heap after GC invocations=3 (full 1):
 PSYoungGen      total 38400K, used 0K [0x00000000d5900000, 0x00000000d8380000, 0x0000000100000000)
  eden space 33280K, 0% used [0x00000000d5900000,0x00000000d5900000,0x00000000d7980000)
  from space 5120K, 0% used [0x00000000d7e80000,0x00000000d7e80000,0x00000000d8380000)
  to   space 5120K, 0% used [0x00000000d7980000,0x00000000d7980000,0x00000000d7e80000)
 ParOldGen       total 77824K, used 10575K [0x0000000080a00000, 0x0000000085600000, 0x00000000d5900000)
  object space 77824K, 13% used [0x0000000080a00000,0x0000000081453f40,0x0000000085600000)
 Metaspace       used 19808K, capacity 21096K, committed 21248K, reserved 1067008K
  class space    used 2992K, capacity 3223K, committed 3328K, reserved 1048576K
}

